# JRE version: OpenJDK Runtime Environment (8.0_242-b01) (build 1.8.0_242-release-1644-b01)
# Java VM: OpenJDK 64-Bit Server VM (25.242-b01 mixed mode windows-amd64 compressed oops)
Heap:
 PSYoungGen      total 705536K, used 323162K [0x000000076ab00000, 0x000000079e200000, 0x00000007c0000000)
  eden space 648192K, 49% used [0x000000076ab00000,0x000000077e696828,0x0000000792400000)
  from space 57344K, 0% used [0x0000000796200000,0x0000000796200000,0x0000000799a00000)
  to   space 63488K, 0% used [0x0000000792400000,0x0000000792400000,0x0000000796200000)
 ParOldGen       total 257536K, used 138863K [0x00000006c0000000, 0x00000006cfb80000, 0x000000076ab00000)
  object space 257536K, 53% used [0x00000006c0000000,0x00000006c879be30,0x00000006cfb80000)
 Metaspace       used 100594K, capacity 106672K, committed 110232K, reserved 1144832K
  class space    used 12895K, capacity 14113K, committed 14752K, reserved 1048576K
GC Heap History (10 events):
Event: 386.928 GC heap before
{Heap before GC invocations=30 (full 5):
 PSYoungGen      total 679936K, used 642055K [0x000000076ab00000, 0x0000000799a00000, 0x00000007c0000000)
  eden space 622592K, 100% used [0x000000076ab00000,0x0000000790b00000,0x0000000790b00000)
  from space 57344K, 33% used [0x0000000796200000,0x0000000797501c08,0x0000000799a00000)
  to   space 73216K, 0% used [0x0000000790b00000,0x0000000790b00000,0x0000000795280000)
 ParOldGen       total 275456K, used 193143K [0x00000006c0000000, 0x00000006d0d00000, 0x000000076ab00000)
  object space 275456K, 70% used [0x00000006c0000000,0x00000006cbc9dd08,0x00000006d0d00000)
 Metaspace       used 100910K, capacity 107538K, committed 107672K, reserved 1142784K
  class space    used 13097K, capacity 14452K, committed 14496K, reserved 1048576K
Event: 388.455 GC heap after
Heap after GC invocations=30 (full 5):
 PSYoungGen      total 695808K, used 25698K [0x000000076ab00000, 0x0000000799a00000, 0x00000007c0000000)
  eden space 622592K, 0% used [0x000000076ab00000,0x000000076ab00000,0x0000000790b00000)
  from space 73216K, 35% used [0x0000000790b00000,0x0000000792418a40,0x0000000795280000)
  to   space 57344K, 0% used [0x0000000796200000,0x0000000796200000,0x0000000799a00000)
 ParOldGen       total 275456K, used 204628K [0x00000006c0000000, 0x00000006d0d00000, 0x000000076ab00000)
  object space 275456K, 74% used [0x00000006c0000000,0x00000006cc7d5178,0x00000006d0d00000)
 Metaspace       used 100910K, capacity 107538K, committed 107672K, reserved 1142784K
  class space    used 13097K, capacity 14452K, committed 14496K, reserved 1048576K
}
Event: 404.770 GC heap before
{Heap before GC invocations=31 (full 5):
 PSYoungGen      total 695808K, used 648290K [0x000000076ab00000, 0x0000000799a00000, 0x00000007c0000000)
  eden space 622592K, 100% used [0x000000076ab00000,0x0000000790b00000,0x0000000790b00000)
  from space 73216K, 35% used [0x0000000790b00000,0x0000000792418a40,0x0000000795280000)
  to   space 57344K, 0% used [0x0000000796200000,0x0000000796200000,0x0000000799a00000)
 ParOldGen       total 275456K, used 204628K [0x00000006c0000000, 0x00000006d0d00000, 0x000000076ab00000)
  object space 275456K, 74% used [0x00000006c0000000,0x00000006cc7d5178,0x00000006d0d00000)
 Metaspace       used 101632K, capacity 108256K, committed 108568K, reserved 1142784K
  class space    used 13168K, capacity 14535K, committed 14624K, reserved 1048576K
Event: 405.795 GC heap after
Heap after GC invocations=31 (full 5):
 PSYoungGen      total 679936K, used 13665K [0x000000076ab00000, 0x0000000799a00000, 0x00000007c0000000)
  eden space 622592K, 0% used [0x000000076ab00000,0x000000076ab00000,0x0000000790b00000)
  from space 57344K, 23% used [0x0000000796200000,0x0000000796f58570,0x0000000799a00000)
  to   space 73216K, 0% used [0x0000000790b00000,0x0000000790b00000,0x0000000795280000)
 ParOldGen       total 275456K, used 228687K [0x00000006c0000000, 0x00000006d0d00000, 0x000000076ab00000)
  object space 275456K, 83% used [0x00000006c0000000,0x00000006cdf53ee8,0x00000006d0d00000)
 Metaspace       used 101632K, capacity 108256K, committed 108568K, reserved 1142784K
  class space    used 13168K, capacity 14535K, committed 14624K, reserved 1048576K
}
Event: 571.805 GC heap before
{Heap before GC invocations=32 (full 5):
 PSYoungGen      total 679936K, used 636243K [0x000000076ab00000, 0x0000000799a00000, 0x00000007c0000000)
  eden space 622592K, 99% used [0x000000076ab00000,0x0000000790afc968,0x0000000790b00000)
  from space 57344K, 23% used [0x0000000796200000,0x0000000796f58570,0x0000000799a00000)
  to   space 73216K, 0% used [0x0000000790b00000,0x0000000790b00000,0x0000000795280000)
 ParOldGen       total 275456K, used 228687K [0x00000006c0000000, 0x00000006d0d00000, 0x000000076ab00000)
  object space 275456K, 83% used [0x00000006c0000000,0x00000006cdf53ee8,0x00000006d0d00000)
 Metaspace       used 102250K, capacity 109334K, committed 109464K, reserved 1144832K
  class space    used 13228K, capacity 14638K, committed 14752K, reserved 1048576K
Event: 572.763 GC heap after
Heap after GC invocations=32 (full 5):
 PSYoungGen      total 695808K, used 31488K [0x000000076ab00000, 0x0000000799a00000, 0x00000007c0000000)
  eden space 622592K, 0% used [0x000000076ab00000,0x000000076ab00000,0x0000000790b00000)
  from space 73216K, 43% used [0x0000000790b00000,0x00000007929c0030,0x0000000795280000)
  to   space 57344K, 0% used [0x0000000796200000,0x0000000796200000,0x0000000799a00000)
 ParOldGen       total 275456K, used 231324K [0x00000006c0000000, 0x00000006d0d00000, 0x000000076ab00000)
  object space 275456K, 83% used [0x00000006c0000000,0x00000006ce1e70c0,0x00000006d0d00000)
 Metaspace       used 102250K, capacity 109334K, committed 109464K, reserved 1144832K
  class space    used 13228K, capacity 14638K, committed 14752K, reserved 1048576K
}
Event: 590.083 GC heap before
{Heap before GC invocations=33 (full 5):
 PSYoungGen      total 695808K, used 654079K [0x000000076ab00000, 0x0000000799a00000, 0x00000007c0000000)
  eden space 622592K, 99% used [0x000000076ab00000,0x0000000790affd70,0x0000000790b00000)
  from space 73216K, 43% used [0x0000000790b00000,0x00000007929c0030,0x0000000795280000)
  to   space 57344K, 0% used [0x0000000796200000,0x0000000796200000,0x0000000799a00000)
 ParOldGen       total 275456K, used 231324K [0x00000006c0000000, 0x00000006d0d00000, 0x000000076ab00000)
  object space 275456K, 83% used [0x00000006c0000000,0x00000006ce1e70c0,0x00000006d0d00000)
 Metaspace       used 102942K, capacity 110082K, committed 110232K, reserved 1144832K
  class space    used 13291K, capacity 14714K, committed 14752K, reserved 1048576K
Event: 590.392 GC heap after
Heap after GC invocations=33 (full 5):
 PSYoungGen      total 705536K, used 12634K [0x000000076ab00000, 0x000000079e200000, 0x00000007c0000000)
  eden space 648192K, 0% used [0x000000076ab00000,0x000000076ab00000,0x0000000792400000)
  from space 57344K, 22% used [0x0000000796200000,0x0000000796e56890,0x0000000799a00000)
  to   space 63488K, 0% used [0x0000000792400000,0x0000000792400000,0x0000000796200000)
 ParOldGen       total 275456K, used 259216K [0x00000006c0000000, 0x00000006d0d00000, 0x000000076ab00000)
  object space 275456K, 94% used [0x00000006c0000000,0x00000006cfd241d0,0x00000006d0d00000)
 Metaspace       used 102942K, capacity 110082K, committed 110232K, reserved 1144832K
  class space    used 13291K, capacity 14714K, committed 14752K, reserved 1048576K
}
Event: 590.393 GC heap before
{Heap before GC invocations=34 (full 6):
 PSYoungGen      total 705536K, used 12634K [0x000000076ab00000, 0x000000079e200000, 0x00000007c0000000)
  eden space 648192K, 0% used [0x000000076ab00000,0x000000076ab00000,0x0000000792400000)
  from space 57344K, 22% used [0x0000000796200000,0x0000000796e56890,0x0000000799a00000)
  to   space 63488K, 0% used [0x0000000792400000,0x0000000792400000,0x0000000796200000)
 ParOldGen       total 275456K, used 259216K [0x00000006c0000000, 0x00000006d0d00000, 0x000000076ab00000)
  object space 275456K, 94% used [0x00000006c0000000,0x00000006cfd241d0,0x00000006d0d00000)
 Metaspace       used 102942K, capacity 110082K, committed 110232K, reserved 1144832K
  class space    used 13291K, capacity 14714K, committed 14752K, reserved 1048576K
Event: 593.943 GC heap after
Heap after GC invocations=34 (full 6):
 PSYoungGen      total 705536K, used 0K [0x000000076ab00000, 0x000000079e200000, 0x00000007c0000000)
  eden space 648192K, 0% used [0x000000076ab00000,0x000000076ab00000,0x0000000792400000)
  from space 57344K, 0% used [0x0000000796200000,0x0000000796200000,0x0000000799a00000)
  to   space 63488K, 0% used [0x0000000792400000,0x0000000792400000,0x0000000796200000)
 ParOldGen       total 257536K, used 138863K [0x00000006c0000000, 0x00000006cfb80000, 0x000000076ab00000)
  object space 257536K, 53% used [0x00000006c0000000,0x00000006c879be30,0x00000006cfb80000)
 Metaspace       used 100564K, capacity 106590K, committed 110232K, reserved 1144832K
  class space    used 12889K, capacity 14102K, committed 14752K, reserved 1048576K
}

