# JRE version: OpenJDK Runtime Environment (8.0_242-b01) (build 1.8.0_242-release-1644-b01)
# Java VM: OpenJDK 64-Bit Server VM (25.242-b01 mixed mode windows-amd64 compressed oops)
Heap:
 PSYoungGen      total 964096K, used 160804K [0x000000076ab00000, 0x00000007aec00000, 0x00000007c0000000)
  eden space 826880K, 8% used [0x000000076ab00000,0x000000076efb00b0,0x000000079d280000)
  from space 137216K, 65% used [0x00000007a5d80000,0x00000007ab5d9100,0x00000007ae380000)
  to   space 142336K, 0% used [0x000000079d280000,0x000000079d280000,0x00000007a5d80000)
 ParOldGen       total 520704K, used 379513K [0x00000006c0000000, 0x00000006dfc80000, 0x000000076ab00000)
  object space 520704K, 72% used [0x00000006c0000000,0x00000006d729e7a0,0x00000006dfc80000)
 Metaspace       used 128765K, capacity 136982K, committed 137344K, reserved 1169408K
  class space    used 16276K, capacity 17940K, committed 18048K, reserved 1048576K
GC Heap History (10 events):
Event: 626.879 GC heap before
{Heap before GC invocations=37 (full 7):
 PSYoungGen      total 855552K, used 737100K [0x000000076ab00000, 0x00000007abb00000, 0x00000007c0000000)
  eden space 685568K, 100% used [0x000000076ab00000,0x0000000794880000,0x0000000794880000)
  from space 169984K, 30% used [0x0000000794880000,0x0000000797ad3260,0x000000079ee80000)
  to   space 161280K, 0% used [0x00000007a1d80000,0x00000007a1d80000,0x00000007abb00000)
 ParOldGen       total 520704K, used 379473K [0x00000006c0000000, 0x00000006dfc80000, 0x000000076ab00000)
  object space 520704K, 72% used [0x00000006c0000000,0x00000006d72947a0,0x00000006dfc80000)
 Metaspace       used 126442K, capacity 133748K, committed 133888K, reserved 1165312K
  class space    used 16051K, capacity 17529K, committed 17664K, reserved 1048576K
Event: 628.146 GC heap after
Heap after GC invocations=37 (full 7):
 PSYoungGen      total 880128K, used 55396K [0x000000076ab00000, 0x00000007aa680000, 0x00000007c0000000)
  eden space 739840K, 0% used [0x000000076ab00000,0x000000076ab00000,0x0000000797d80000)
  from space 140288K, 39% used [0x00000007a1d80000,0x00000007a53990a8,0x00000007aa680000)
  to   space 152064K, 0% used [0x0000000797d80000,0x0000000797d80000,0x00000007a1200000)
 ParOldGen       total 520704K, used 379481K [0x00000006c0000000, 0x00000006dfc80000, 0x000000076ab00000)
  object space 520704K, 72% used [0x00000006c0000000,0x00000006d72967a0,0x00000006dfc80000)
 Metaspace       used 126442K, capacity 133748K, committed 133888K, reserved 1165312K
  class space    used 16051K, capacity 17529K, committed 17664K, reserved 1048576K
}
Event: 3298.107 GC heap before
{Heap before GC invocations=38 (full 7):
 PSYoungGen      total 880128K, used 795236K [0x000000076ab00000, 0x00000007aa680000, 0x00000007c0000000)
  eden space 739840K, 100% used [0x000000076ab00000,0x0000000797d80000,0x0000000797d80000)
  from space 140288K, 39% used [0x00000007a1d80000,0x00000007a53990a8,0x00000007aa680000)
  to   space 152064K, 0% used [0x0000000797d80000,0x0000000797d80000,0x00000007a1200000)
 ParOldGen       total 520704K, used 379481K [0x00000006c0000000, 0x00000006dfc80000, 0x000000076ab00000)
  object space 520704K, 72% used [0x00000006c0000000,0x00000006d72967a0,0x00000006dfc80000)
 Metaspace       used 127169K, capacity 134870K, committed 135040K, reserved 1167360K
  class space    used 16133K, capacity 17682K, committed 17792K, reserved 1048576K
Event: 3299.899 GC heap after
Heap after GC invocations=38 (full 7):
 PSYoungGen      total 891904K, used 20721K [0x000000076ab00000, 0x00000007ad080000, 0x00000007c0000000)
  eden space 739840K, 0% used [0x000000076ab00000,0x000000076ab00000,0x0000000797d80000)
  from space 152064K, 13% used [0x0000000797d80000,0x00000007991bc5b0,0x00000007a1200000)
  to   space 150016K, 0% used [0x00000007a3e00000,0x00000007a3e00000,0x00000007ad080000)
 ParOldGen       total 520704K, used 379489K [0x00000006c0000000, 0x00000006dfc80000, 0x000000076ab00000)
  object space 520704K, 72% used [0x00000006c0000000,0x00000006d72987a0,0x00000006dfc80000)
 Metaspace       used 127169K, capacity 134870K, committed 135040K, reserved 1167360K
  class space    used 16133K, capacity 17682K, committed 17792K, reserved 1048576K
}
Event: 3330.238 GC heap before
{Heap before GC invocations=39 (full 7):
 PSYoungGen      total 891904K, used 760561K [0x000000076ab00000, 0x00000007ad080000, 0x00000007c0000000)
  eden space 739840K, 100% used [0x000000076ab00000,0x0000000797d80000,0x0000000797d80000)
  from space 152064K, 13% used [0x0000000797d80000,0x00000007991bc5b0,0x00000007a1200000)
  to   space 150016K, 0% used [0x00000007a3e00000,0x00000007a3e00000,0x00000007ad080000)
 ParOldGen       total 520704K, used 379489K [0x00000006c0000000, 0x00000006dfc80000, 0x000000076ab00000)
  object space 520704K, 72% used [0x00000006c0000000,0x00000006d72987a0,0x00000006dfc80000)
 Metaspace       used 127760K, capacity 135734K, committed 135936K, reserved 1167360K
  class space    used 16188K, capacity 17810K, committed 17920K, reserved 1048576K
Event: 3331.906 GC heap after
Heap after GC invocations=39 (full 7):
 PSYoungGen      total 931840K, used 50763K [0x000000076ab00000, 0x00000007ac600000, 0x00000007c0000000)
  eden space 792576K, 0% used [0x000000076ab00000,0x000000076ab00000,0x000000079b100000)
  from space 139264K, 36% used [0x00000007a3e00000,0x00000007a6f92ed0,0x00000007ac600000)
  to   space 141824K, 0% used [0x000000079b100000,0x000000079b100000,0x00000007a3b80000)
 ParOldGen       total 520704K, used 379497K [0x00000006c0000000, 0x00000006dfc80000, 0x000000076ab00000)
  object space 520704K, 72% used [0x00000006c0000000,0x00000006d729a7a0,0x00000006dfc80000)
 Metaspace       used 127760K, capacity 135734K, committed 135936K, reserved 1167360K
  class space    used 16188K, capacity 17810K, committed 17920K, reserved 1048576K
}
Event: 3468.741 GC heap before
{Heap before GC invocations=40 (full 7):
 PSYoungGen      total 931840K, used 843339K [0x000000076ab00000, 0x00000007ac600000, 0x00000007c0000000)
  eden space 792576K, 100% used [0x000000076ab00000,0x000000079b100000,0x000000079b100000)
  from space 139264K, 36% used [0x00000007a3e00000,0x00000007a6f92ed0,0x00000007ac600000)
  to   space 141824K, 0% used [0x000000079b100000,0x000000079b100000,0x00000007a3b80000)
 ParOldGen       total 520704K, used 379497K [0x00000006c0000000, 0x00000006dfc80000, 0x000000076ab00000)
  object space 520704K, 72% used [0x00000006c0000000,0x00000006d729a7a0,0x00000006dfc80000)
 Metaspace       used 128392K, capacity 136618K, committed 136704K, reserved 1167360K
  class space    used 16256K, capacity 17892K, committed 17920K, reserved 1048576K
Event: 3469.623 GC heap after
Heap after GC invocations=40 (full 7):
 PSYoungGen      total 934400K, used 32844K [0x000000076ab00000, 0x00000007ae380000, 0x00000007c0000000)
  eden space 792576K, 0% used [0x000000076ab00000,0x000000076ab00000,0x000000079b100000)
  from space 141824K, 23% used [0x000000079b100000,0x000000079d1131c8,0x00000007a3b80000)
  to   space 137216K, 0% used [0x00000007a5d80000,0x00000007a5d80000,0x00000007ae380000)
 ParOldGen       total 520704K, used 379505K [0x00000006c0000000, 0x00000006dfc80000, 0x000000076ab00000)
  object space 520704K, 72% used [0x00000006c0000000,0x00000006d729c7a0,0x00000006dfc80000)
 Metaspace       used 128392K, capacity 136618K, committed 136704K, reserved 1167360K
  class space    used 16256K, capacity 17892K, committed 17920K, reserved 1048576K
}
Event: 3534.136 GC heap before
{Heap before GC invocations=41 (full 7):
 PSYoungGen      total 934400K, used 825420K [0x000000076ab00000, 0x00000007ae380000, 0x00000007c0000000)
  eden space 792576K, 100% used [0x000000076ab00000,0x000000079b100000,0x000000079b100000)
  from space 141824K, 23% used [0x000000079b100000,0x000000079d1131c8,0x00000007a3b80000)
  to   space 137216K, 0% used [0x00000007a5d80000,0x00000007a5d80000,0x00000007ae380000)
 ParOldGen       total 520704K, used 379505K [0x00000006c0000000, 0x00000006dfc80000, 0x000000076ab00000)
  object space 520704K, 72% used [0x00000006c0000000,0x00000006d729c7a0,0x00000006dfc80000)
 Metaspace       used 128715K, capacity 136982K, committed 137344K, reserved 1169408K
  class space    used 16275K, capacity 17940K, committed 18048K, reserved 1048576K
Event: 3535.752 GC heap after
Heap after GC invocations=41 (full 7):
 PSYoungGen      total 964096K, used 90468K [0x000000076ab00000, 0x00000007aec00000, 0x00000007c0000000)
  eden space 826880K, 0% used [0x000000076ab00000,0x000000076ab00000,0x000000079d280000)
  from space 137216K, 65% used [0x00000007a5d80000,0x00000007ab5d9100,0x00000007ae380000)
  to   space 142336K, 0% used [0x000000079d280000,0x000000079d280000,0x00000007a5d80000)
 ParOldGen       total 520704K, used 379513K [0x00000006c0000000, 0x00000006dfc80000, 0x000000076ab00000)
  object space 520704K, 72% used [0x00000006c0000000,0x00000006d729e7a0,0x00000006dfc80000)
 Metaspace       used 128715K, capacity 136982K, committed 137344K, reserved 1169408K
  class space    used 16275K, capacity 17940K, committed 18048K, reserved 1048576K
}

