# JRE version: OpenJDK Runtime Environment (8.0_242-b01) (build 1.8.0_242-release-1644-b01)
# Java VM: OpenJDK 64-Bit Server VM (25.242-b01 mixed mode windows-amd64 compressed oops)
Heap:
 PSYoungGen      total 670720K, used 310774K [0x000000076ab00000, 0x0000000799200000, 0x00000007c0000000)
  eden space 601600K, 43% used [0x000000076ab00000,0x000000077aaf9510,0x000000078f680000)
  from space 69120K, 70% used [0x0000000793b00000,0x0000000796a842f0,0x0000000797e80000)
  to   space 70144K, 0% used [0x000000078f680000,0x000000078f680000,0x0000000793b00000)
 ParOldGen       total 272896K, used 168481K [0x00000006c0000000, 0x00000006d0a80000, 0x000000076ab00000)
  object space 272896K, 61% used [0x00000006c0000000,0x00000006ca488528,0x00000006d0a80000)
 Metaspace       used 108160K, capacity 115550K, committed 115736K, reserved 1148928K
  class space    used 13896K, capacity 15362K, committed 15408K, reserved 1048576K
GC Heap History (10 events):
Event: 910.789 GC heap before
{Heap before GC invocations=33 (full 5):
 PSYoungGen      total 540672K, used 498192K [0x000000076ab00000, 0x0000000793880000, 0x00000007c0000000)
  eden space 458752K, 100% used [0x000000076ab00000,0x0000000786b00000,0x0000000786b00000)
  from space 81920K, 48% used [0x0000000786b00000,0x0000000789184210,0x000000078bb00000)
  to   space 78336K, 0% used [0x000000078ec00000,0x000000078ec00000,0x0000000793880000)
 ParOldGen       total 272896K, used 168441K [0x00000006c0000000, 0x00000006d0a80000, 0x000000076ab00000)
  object space 272896K, 61% used [0x00000006c0000000,0x00000006ca47e528,0x00000006d0a80000)
 Metaspace       used 106308K, capacity 112784K, committed 112920K, reserved 1146880K
  class space    used 13715K, capacity 15023K, committed 15152K, reserved 1048576K
Event: 910.919 GC heap after
Heap after GC invocations=33 (full 5):
 PSYoungGen      total 577536K, used 43109K [0x000000076ab00000, 0x0000000793080000, 0x00000007c0000000)
  eden space 507392K, 0% used [0x000000076ab00000,0x000000076ab00000,0x0000000789a80000)
  from space 70144K, 61% used [0x000000078ec00000,0x00000007916197a8,0x0000000793080000)
  to   space 76800K, 0% used [0x0000000789a80000,0x0000000789a80000,0x000000078e580000)
 ParOldGen       total 272896K, used 168449K [0x00000006c0000000, 0x00000006d0a80000, 0x000000076ab00000)
  object space 272896K, 61% used [0x00000006c0000000,0x00000006ca480528,0x00000006d0a80000)
 Metaspace       used 106308K, capacity 112784K, committed 112920K, reserved 1146880K
  class space    used 13715K, capacity 15023K, committed 15152K, reserved 1048576K
}
Event: 978.007 GC heap before
{Heap before GC invocations=34 (full 5):
 PSYoungGen      total 577536K, used 550501K [0x000000076ab00000, 0x0000000793080000, 0x00000007c0000000)
  eden space 507392K, 100% used [0x000000076ab00000,0x0000000789a80000,0x0000000789a80000)
  from space 70144K, 61% used [0x000000078ec00000,0x00000007916197a8,0x0000000793080000)
  to   space 76800K, 0% used [0x0000000789a80000,0x0000000789a80000,0x000000078e580000)
 ParOldGen       total 272896K, used 168449K [0x00000006c0000000, 0x00000006d0a80000, 0x000000076ab00000)
  object space 272896K, 61% used [0x00000006c0000000,0x00000006ca480528,0x00000006d0a80000)
 Metaspace       used 107012K, capacity 113822K, committed 114072K, reserved 1148928K
  class space    used 13787K, capacity 15152K, committed 15280K, reserved 1048576K
Event: 978.859 GC heap after
Heap after GC invocations=34 (full 5):
 PSYoungGen      total 584192K, used 39628K [0x000000076ab00000, 0x0000000795f00000, 0x00000007c0000000)
  eden space 507392K, 0% used [0x000000076ab00000,0x000000076ab00000,0x0000000789a80000)
  from space 76800K, 51% used [0x0000000789a80000,0x000000078c133030,0x000000078e580000)
  to   space 73728K, 0% used [0x0000000791700000,0x0000000791700000,0x0000000795f00000)
 ParOldGen       total 272896K, used 168457K [0x00000006c0000000, 0x00000006d0a80000, 0x000000076ab00000)
  object space 272896K, 61% used [0x00000006c0000000,0x00000006ca482528,0x00000006d0a80000)
 Metaspace       used 107012K, capacity 113822K, committed 114072K, reserved 1148928K
  class space    used 13787K, capacity 15152K, committed 15280K, reserved 1048576K
}
Event: 1002.435 GC heap before
{Heap before GC invocations=35 (full 5):
 PSYoungGen      total 584192K, used 547020K [0x000000076ab00000, 0x0000000795f00000, 0x00000007c0000000)
  eden space 507392K, 100% used [0x000000076ab00000,0x0000000789a80000,0x0000000789a80000)
  from space 76800K, 51% used [0x0000000789a80000,0x000000078c133030,0x000000078e580000)
  to   space 73728K, 0% used [0x0000000791700000,0x0000000791700000,0x0000000795f00000)
 ParOldGen       total 272896K, used 168457K [0x00000006c0000000, 0x00000006d0a80000, 0x000000076ab00000)
  object space 272896K, 61% used [0x00000006c0000000,0x00000006ca482528,0x00000006d0a80000)
 Metaspace       used 107251K, capacity 114210K, committed 114328K, reserved 1148928K
  class space    used 13810K, capacity 15194K, committed 15280K, reserved 1048576K
Event: 1002.616 GC heap after
Heap after GC invocations=35 (full 5):
 PSYoungGen      total 622592K, used 42129K [0x000000076ab00000, 0x0000000795700000, 0x00000007c0000000)
  eden space 557056K, 0% used [0x000000076ab00000,0x000000076ab00000,0x000000078cb00000)
  from space 65536K, 64% used [0x0000000791700000,0x00000007940245d8,0x0000000795700000)
  to   space 71680K, 0% used [0x000000078cb00000,0x000000078cb00000,0x0000000791100000)
 ParOldGen       total 272896K, used 168465K [0x00000006c0000000, 0x00000006d0a80000, 0x000000076ab00000)
  object space 272896K, 61% used [0x00000006c0000000,0x00000006ca484528,0x00000006d0a80000)
 Metaspace       used 107251K, capacity 114210K, committed 114328K, reserved 1148928K
  class space    used 13810K, capacity 15194K, committed 15280K, reserved 1048576K
}
Event: 1763.381 GC heap before
{Heap before GC invocations=36 (full 5):
 PSYoungGen      total 622592K, used 599185K [0x000000076ab00000, 0x0000000795700000, 0x00000007c0000000)
  eden space 557056K, 100% used [0x000000076ab00000,0x000000078cb00000,0x000000078cb00000)
  from space 65536K, 64% used [0x0000000791700000,0x00000007940245d8,0x0000000795700000)
  to   space 71680K, 0% used [0x000000078cb00000,0x000000078cb00000,0x0000000791100000)
 ParOldGen       total 272896K, used 168465K [0x00000006c0000000, 0x00000006d0a80000, 0x000000076ab00000)
  object space 272896K, 61% used [0x00000006c0000000,0x00000006ca484528,0x00000006d0a80000)
 Metaspace       used 107595K, capacity 114662K, committed 114840K, reserved 1148928K
  class space    used 13828K, capacity 15226K, committed 15280K, reserved 1048576K
Event: 1764.231 GC heap after
Heap after GC invocations=36 (full 5):
 PSYoungGen      total 628736K, used 33595K [0x000000076ab00000, 0x0000000797e80000, 0x00000007c0000000)
  eden space 557056K, 0% used [0x000000076ab00000,0x000000076ab00000,0x000000078cb00000)
  from space 71680K, 46% used [0x000000078cb00000,0x000000078ebcef00,0x0000000791100000)
  to   space 69120K, 0% used [0x0000000793b00000,0x0000000793b00000,0x0000000797e80000)
 ParOldGen       total 272896K, used 168473K [0x00000006c0000000, 0x00000006d0a80000, 0x000000076ab00000)
  object space 272896K, 61% used [0x00000006c0000000,0x00000006ca486528,0x00000006d0a80000)
 Metaspace       used 107595K, capacity 114662K, committed 114840K, reserved 1148928K
  class space    used 13828K, capacity 15226K, committed 15280K, reserved 1048576K
}
Event: 1783.432 GC heap before
{Heap before GC invocations=37 (full 5):
 PSYoungGen      total 628736K, used 590651K [0x000000076ab00000, 0x0000000797e80000, 0x00000007c0000000)
  eden space 557056K, 100% used [0x000000076ab00000,0x000000078cb00000,0x000000078cb00000)
  from space 71680K, 46% used [0x000000078cb00000,0x000000078ebcef00,0x0000000791100000)
  to   space 69120K, 0% used [0x0000000793b00000,0x0000000793b00000,0x0000000797e80000)
 ParOldGen       total 272896K, used 168473K [0x00000006c0000000, 0x00000006d0a80000, 0x000000076ab00000)
  object space 272896K, 61% used [0x00000006c0000000,0x00000006ca486528,0x00000006d0a80000)
 Metaspace       used 107640K, capacity 114666K, committed 114840K, reserved 1148928K
  class space    used 13829K, capacity 15226K, committed 15280K, reserved 1048576K
Event: 1784.049 GC heap after
Heap after GC invocations=37 (full 5):
 PSYoungGen      total 670720K, used 48656K [0x000000076ab00000, 0x0000000799200000, 0x00000007c0000000)
  eden space 601600K, 0% used [0x000000076ab00000,0x000000076ab00000,0x000000078f680000)
  from space 69120K, 70% used [0x0000000793b00000,0x0000000796a842f0,0x0000000797e80000)
  to   space 70144K, 0% used [0x000000078f680000,0x000000078f680000,0x0000000793b00000)
 ParOldGen       total 272896K, used 168481K [0x00000006c0000000, 0x00000006d0a80000, 0x000000076ab00000)
  object space 272896K, 61% used [0x00000006c0000000,0x00000006ca488528,0x00000006d0a80000)
 Metaspace       used 107640K, capacity 114666K, committed 114840K, reserved 1148928K
  class space    used 13829K, capacity 15226K, committed 15280K, reserved 1048576K
}

