# JRE version: OpenJDK Runtime Environment (8.0_242-b01) (build 1.8.0_242-release-1644-b01)
# Java VM: OpenJDK 64-Bit Server VM (25.242-b01 mixed mode windows-amd64 compressed oops)
Heap:
 PSYoungGen      total 901120K, used 94280K [0x000000076ab00000, 0x00000007aad00000, 0x00000007c0000000)
  eden space 827904K, 10% used [0x000000076ab00000,0x000000076fc3a348,0x000000079d380000)
  from space 73216K, 15% used [0x00000007a1f00000,0x00000007a29d7d98,0x00000007a6680000)
  to   space 77312K, 0% used [0x000000079d380000,0x000000079d380000,0x00000007a1f00000)
 ParOldGen       total 305664K, used 164166K [0x00000006c0000000, 0x00000006d2a80000, 0x000000076ab00000)
  object space 305664K, 53% used [0x00000006c0000000,0x00000006ca0518e8,0x00000006d2a80000)
 Metaspace       used 103353K, capacity 108310K, committed 108568K, reserved 1142784K
  class space    used 13294K, capacity 14282K, committed 14384K, reserved 1048576K
GC Heap History (10 events):
Event: 215.574 GC heap before
{Heap before GC invocations=45 (full 6):
 PSYoungGen      total 901120K, used 875674K [0x000000076ab00000, 0x00000007a6680000, 0x00000007c0000000)
  eden space 827904K, 100% used [0x000000076ab00000,0x000000079d380000,0x000000079d380000)
  from space 73216K, 65% used [0x00000007a1f00000,0x00000007a4da6b40,0x00000007a6680000)
  to   space 75264K, 0% used [0x000000079d380000,0x000000079d380000,0x00000007a1d00000)
 ParOldGen       total 303616K, used 236477K [0x00000006c0000000, 0x00000006d2880000, 0x000000076ab00000)
  object space 303616K, 77% used [0x00000006c0000000,0x00000006ce6ef608,0x00000006d2880000)
 Metaspace       used 102329K, capacity 107074K, committed 107544K, reserved 1142784K
  class space    used 13159K, capacity 14124K, committed 14384K, reserved 1048576K
Event: 215.721 GC heap after
Heap after GC invocations=45 (full 6):
 PSYoungGen      total 903168K, used 33713K [0x000000076ab00000, 0x00000007a6680000, 0x00000007c0000000)
  eden space 827904K, 0% used [0x000000076ab00000,0x000000076ab00000,0x000000079d380000)
  from space 75264K, 44% used [0x000000079d380000,0x000000079f46c498,0x00000007a1d00000)
  to   space 73216K, 0% used [0x00000007a1f00000,0x00000007a1f00000,0x00000007a6680000)
 ParOldGen       total 303616K, used 259120K [0x00000006c0000000, 0x00000006d2880000, 0x000000076ab00000)
  object space 303616K, 85% used [0x00000006c0000000,0x00000006cfd0c080,0x00000006d2880000)
 Metaspace       used 102329K, capacity 107074K, committed 107544K, reserved 1142784K
  class space    used 13159K, capacity 14124K, committed 14384K, reserved 1048576K
}
Event: 217.609 GC heap before
{Heap before GC invocations=46 (full 6):
 PSYoungGen      total 903168K, used 861617K [0x000000076ab00000, 0x00000007a6680000, 0x00000007c0000000)
  eden space 827904K, 100% used [0x000000076ab00000,0x000000079d380000,0x000000079d380000)
  from space 75264K, 44% used [0x000000079d380000,0x000000079f46c498,0x00000007a1d00000)
  to   space 73216K, 0% used [0x00000007a1f00000,0x00000007a1f00000,0x00000007a6680000)
 ParOldGen       total 303616K, used 259120K [0x00000006c0000000, 0x00000006d2880000, 0x000000076ab00000)
  object space 303616K, 85% used [0x00000006c0000000,0x00000006cfd0c080,0x00000006d2880000)
 Metaspace       used 102683K, capacity 107484K, committed 108056K, reserved 1142784K
  class space    used 13202K, capacity 14179K, committed 14384K, reserved 1048576K
Event: 217.683 GC heap after
Heap after GC invocations=46 (full 6):
 PSYoungGen      total 901120K, used 21095K [0x000000076ab00000, 0x00000007a6680000, 0x00000007c0000000)
  eden space 827904K, 0% used [0x000000076ab00000,0x000000076ab00000,0x000000079d380000)
  from space 73216K, 28% used [0x00000007a1f00000,0x00000007a3399db8,0x00000007a6680000)
  to   space 75264K, 0% used [0x000000079d380000,0x000000079d380000,0x00000007a1d00000)
 ParOldGen       total 303616K, used 278586K [0x00000006c0000000, 0x00000006d2880000, 0x000000076ab00000)
  object space 303616K, 91% used [0x00000006c0000000,0x00000006d100ea80,0x00000006d2880000)
 Metaspace       used 102683K, capacity 107484K, committed 108056K, reserved 1142784K
  class space    used 13202K, capacity 14179K, committed 14384K, reserved 1048576K
}
Event: 217.683 GC heap before
{Heap before GC invocations=47 (full 7):
 PSYoungGen      total 901120K, used 21095K [0x000000076ab00000, 0x00000007a6680000, 0x00000007c0000000)
  eden space 827904K, 0% used [0x000000076ab00000,0x000000076ab00000,0x000000079d380000)
  from space 73216K, 28% used [0x00000007a1f00000,0x00000007a3399db8,0x00000007a6680000)
  to   space 75264K, 0% used [0x000000079d380000,0x000000079d380000,0x00000007a1d00000)
 ParOldGen       total 303616K, used 278586K [0x00000006c0000000, 0x00000006d2880000, 0x000000076ab00000)
  object space 303616K, 91% used [0x00000006c0000000,0x00000006d100ea80,0x00000006d2880000)
 Metaspace       used 102683K, capacity 107484K, committed 108056K, reserved 1142784K
  class space    used 13202K, capacity 14179K, committed 14384K, reserved 1048576K
Event: 219.480 GC heap after
Heap after GC invocations=47 (full 7):
 PSYoungGen      total 901120K, used 0K [0x000000076ab00000, 0x00000007a6680000, 0x00000007c0000000)
  eden space 827904K, 0% used [0x000000076ab00000,0x000000076ab00000,0x000000079d380000)
  from space 73216K, 0% used [0x00000007a1f00000,0x00000007a1f00000,0x00000007a6680000)
  to   space 75264K, 0% used [0x000000079d380000,0x000000079d380000,0x00000007a1d00000)
 ParOldGen       total 305664K, used 164150K [0x00000006c0000000, 0x00000006d2a80000, 0x000000076ab00000)
  object space 305664K, 53% used [0x00000006c0000000,0x00000006ca04d8e8,0x00000006d2a80000)
 Metaspace       used 102668K, capacity 107454K, committed 108056K, reserved 1142784K
  class space    used 13198K, capacity 14172K, committed 14384K, reserved 1048576K
}
Event: 221.983 GC heap before
{Heap before GC invocations=48 (full 7):
 PSYoungGen      total 901120K, used 827904K [0x000000076ab00000, 0x00000007a6680000, 0x00000007c0000000)
  eden space 827904K, 100% used [0x000000076ab00000,0x000000079d380000,0x000000079d380000)
  from space 73216K, 0% used [0x00000007a1f00000,0x00000007a1f00000,0x00000007a6680000)
  to   space 75264K, 0% used [0x000000079d380000,0x000000079d380000,0x00000007a1d00000)
 ParOldGen       total 305664K, used 164150K [0x00000006c0000000, 0x00000006d2a80000, 0x000000076ab00000)
  object space 305664K, 53% used [0x00000006c0000000,0x00000006ca04d8e8,0x00000006d2a80000)
 Metaspace       used 102711K, capacity 107518K, committed 108056K, reserved 1142784K
  class space    used 13201K, capacity 14172K, committed 14384K, reserved 1048576K
Event: 222.049 GC heap after
Heap after GC invocations=48 (full 7):
 PSYoungGen      total 903168K, used 31221K [0x000000076ab00000, 0x00000007a6680000, 0x00000007c0000000)
  eden space 827904K, 0% used [0x000000076ab00000,0x000000076ab00000,0x000000079d380000)
  from space 75264K, 41% used [0x000000079d380000,0x000000079f1fd698,0x00000007a1d00000)
  to   space 73216K, 0% used [0x00000007a1f00000,0x00000007a1f00000,0x00000007a6680000)
 ParOldGen       total 305664K, used 164158K [0x00000006c0000000, 0x00000006d2a80000, 0x000000076ab00000)
  object space 305664K, 53% used [0x00000006c0000000,0x00000006ca04f8e8,0x00000006d2a80000)
 Metaspace       used 102711K, capacity 107518K, committed 108056K, reserved 1142784K
  class space    used 13201K, capacity 14172K, committed 14384K, reserved 1048576K
}
Event: 240.720 GC heap before
{Heap before GC invocations=49 (full 7):
 PSYoungGen      total 903168K, used 859125K [0x000000076ab00000, 0x00000007a6680000, 0x00000007c0000000)
  eden space 827904K, 100% used [0x000000076ab00000,0x000000079d380000,0x000000079d380000)
  from space 75264K, 41% used [0x000000079d380000,0x000000079f1fd698,0x00000007a1d00000)
  to   space 73216K, 0% used [0x00000007a1f00000,0x00000007a1f00000,0x00000007a6680000)
 ParOldGen       total 305664K, used 164158K [0x00000006c0000000, 0x00000006d2a80000, 0x000000076ab00000)
  object space 305664K, 53% used [0x00000006c0000000,0x00000006ca04f8e8,0x00000006d2a80000)
 Metaspace       used 102989K, capacity 107886K, committed 108312K, reserved 1142784K
  class space    used 13243K, capacity 14238K, committed 14384K, reserved 1048576K
Event: 240.767 GC heap after
Heap after GC invocations=49 (full 7):
 PSYoungGen      total 901120K, used 11103K [0x000000076ab00000, 0x00000007aad00000, 0x00000007c0000000)
  eden space 827904K, 0% used [0x000000076ab00000,0x000000076ab00000,0x000000079d380000)
  from space 73216K, 15% used [0x00000007a1f00000,0x00000007a29d7d98,0x00000007a6680000)
  to   space 77312K, 0% used [0x000000079d380000,0x000000079d380000,0x00000007a1f00000)
 ParOldGen       total 305664K, used 164166K [0x00000006c0000000, 0x00000006d2a80000, 0x000000076ab00000)
  object space 305664K, 53% used [0x00000006c0000000,0x00000006ca0518e8,0x00000006d2a80000)
 Metaspace       used 102989K, capacity 107886K, committed 108312K, reserved 1142784K
  class space    used 13243K, capacity 14238K, committed 14384K, reserved 1048576K
}

