# JRE version: OpenJDK Runtime Environment (8.0_242-b01) (build 1.8.0_242-release-1644-b01)
# Java VM: OpenJDK 64-Bit Server VM (25.242-b01 mixed mode windows-amd64 compressed oops)
Heap:
 PSYoungGen      total 937472K, used 614600K [0x000000076ab00000, 0x00000007ad380000, 0x00000007c0000000)
  eden space 858112K, 65% used [0x000000076ab00000,0x000000078cd38ae8,0x000000079f100000)
  from space 79360K, 69% used [0x000000079f100000,0x00000007a26f9760,0x00000007a3e80000)
  to   space 81408K, 0% used [0x00000007a8400000,0x00000007a8400000,0x00000007ad380000)
 ParOldGen       total 334336K, used 229875K [0x00000006c0000000, 0x00000006d4680000, 0x000000076ab00000)
  object space 334336K, 68% used [0x00000006c0000000,0x00000006ce07ce00,0x00000006d4680000)
 Metaspace       used 105730K, capacity 111042K, committed 111384K, reserved 1146880K
  class space    used 13390K, capacity 14510K, committed 14640K, reserved 1048576K
GC Heap History (10 events):
Event: 240.910 GC heap before
{Heap before GC invocations=49 (full 6):
 PSYoungGen      total 788480K, used 788479K [0x000000076ab00000, 0x00000007a1400000, 0x00000007c0000000)
  eden space 727040K, 100% used [0x000000076ab00000,0x0000000797100000,0x0000000797100000)
  from space 61440K, 99% used [0x000000079b680000,0x000000079f27fc08,0x000000079f280000)
  to   space 71168K, 0% used [0x0000000797100000,0x0000000797100000,0x000000079b680000)
 ParOldGen       total 334336K, used 214383K [0x00000006c0000000, 0x00000006d4680000, 0x000000076ab00000)
  object space 334336K, 64% used [0x00000006c0000000,0x00000006cd15bca0,0x00000006d4680000)
 Metaspace       used 105615K, capacity 110952K, committed 111384K, reserved 1146880K
  class space    used 13386K, capacity 14505K, committed 14640K, reserved 1048576K
Event: 241.035 GC heap after
Heap after GC invocations=49 (full 6):
 PSYoungGen      total 798208K, used 46821K [0x000000076ab00000, 0x00000007a3e80000, 0x00000007c0000000)
  eden space 727040K, 0% used [0x000000076ab00000,0x000000076ab00000,0x0000000797100000)
  from space 71168K, 65% used [0x0000000797100000,0x0000000799eb9718,0x000000079b680000)
  to   space 72704K, 0% used [0x000000079f780000,0x000000079f780000,0x00000007a3e80000)
 ParOldGen       total 334336K, used 229851K [0x00000006c0000000, 0x00000006d4680000, 0x000000076ab00000)
  object space 334336K, 68% used [0x00000006c0000000,0x00000006ce076e00,0x00000006d4680000)
 Metaspace       used 105615K, capacity 110952K, committed 111384K, reserved 1146880K
  class space    used 13386K, capacity 14505K, committed 14640K, reserved 1048576K
}
Event: 243.184 GC heap before
{Heap before GC invocations=50 (full 6):
 PSYoungGen      total 798208K, used 773861K [0x000000076ab00000, 0x00000007a3e80000, 0x00000007c0000000)
  eden space 727040K, 100% used [0x000000076ab00000,0x0000000797100000,0x0000000797100000)
  from space 71168K, 65% used [0x0000000797100000,0x0000000799eb9718,0x000000079b680000)
  to   space 72704K, 0% used [0x000000079f780000,0x000000079f780000,0x00000007a3e80000)
 ParOldGen       total 334336K, used 229851K [0x00000006c0000000, 0x00000006d4680000, 0x000000076ab00000)
  object space 334336K, 68% used [0x00000006c0000000,0x00000006ce076e00,0x00000006d4680000)
 Metaspace       used 105642K, capacity 110952K, committed 111384K, reserved 1146880K
  class space    used 13386K, capacity 14505K, committed 14640K, reserved 1048576K
Event: 243.276 GC heap after
Heap after GC invocations=50 (full 6):
 PSYoungGen      total 861184K, used 53768K [0x000000076ab00000, 0x00000007a4500000, 0x00000007c0000000)
  eden space 788480K, 0% used [0x000000076ab00000,0x000000076ab00000,0x000000079ad00000)
  from space 72704K, 73% used [0x000000079f780000,0x00000007a2c02300,0x00000007a3e80000)
  to   space 76288K, 0% used [0x000000079ad00000,0x000000079ad00000,0x000000079f780000)
 ParOldGen       total 334336K, used 229859K [0x00000006c0000000, 0x00000006d4680000, 0x000000076ab00000)
  object space 334336K, 68% used [0x00000006c0000000,0x00000006ce078e00,0x00000006d4680000)
 Metaspace       used 105642K, capacity 110952K, committed 111384K, reserved 1146880K
  class space    used 13386K, capacity 14505K, committed 14640K, reserved 1048576K
}
Event: 245.645 GC heap before
{Heap before GC invocations=51 (full 6):
 PSYoungGen      total 861184K, used 842248K [0x000000076ab00000, 0x00000007a4500000, 0x00000007c0000000)
  eden space 788480K, 100% used [0x000000076ab00000,0x000000079ad00000,0x000000079ad00000)
  from space 72704K, 73% used [0x000000079f780000,0x00000007a2c02300,0x00000007a3e80000)
  to   space 76288K, 0% used [0x000000079ad00000,0x000000079ad00000,0x000000079f780000)
 ParOldGen       total 334336K, used 229859K [0x00000006c0000000, 0x00000006d4680000, 0x000000076ab00000)
  object space 334336K, 68% used [0x00000006c0000000,0x00000006ce078e00,0x00000006d4680000)
 Metaspace       used 105662K, capacity 110956K, committed 111384K, reserved 1146880K
  class space    used 13386K, capacity 14505K, committed 14640K, reserved 1048576K
Event: 245.779 GC heap after
Heap after GC invocations=51 (full 6):
 PSYoungGen      total 864768K, used 52935K [0x000000076ab00000, 0x00000007a8c80000, 0x00000007c0000000)
  eden space 788480K, 0% used [0x000000076ab00000,0x000000076ab00000,0x000000079ad00000)
  from space 76288K, 69% used [0x000000079ad00000,0x000000079e0b1e58,0x000000079f780000)
  to   space 78336K, 0% used [0x00000007a4000000,0x00000007a4000000,0x00000007a8c80000)
 ParOldGen       total 334336K, used 229867K [0x00000006c0000000, 0x00000006d4680000, 0x000000076ab00000)
  object space 334336K, 68% used [0x00000006c0000000,0x00000006ce07ae00,0x00000006d4680000)
 Metaspace       used 105662K, capacity 110956K, committed 111384K, reserved 1146880K
  class space    used 13386K, capacity 14505K, committed 14640K, reserved 1048576K
}
Event: 248.435 GC heap before
{Heap before GC invocations=52 (full 6):
 PSYoungGen      total 864768K, used 841415K [0x000000076ab00000, 0x00000007a8c80000, 0x00000007c0000000)
  eden space 788480K, 100% used [0x000000076ab00000,0x000000079ad00000,0x000000079ad00000)
  from space 76288K, 69% used [0x000000079ad00000,0x000000079e0b1e58,0x000000079f780000)
  to   space 78336K, 0% used [0x00000007a4000000,0x00000007a4000000,0x00000007a8c80000)
 ParOldGen       total 334336K, used 229867K [0x00000006c0000000, 0x00000006d4680000, 0x000000076ab00000)
  object space 334336K, 68% used [0x00000006c0000000,0x00000006ce07ae00,0x00000006d4680000)
 Metaspace       used 105705K, capacity 111040K, committed 111384K, reserved 1146880K
  class space    used 13390K, capacity 14509K, committed 14640K, reserved 1048576K
Event: 248.534 GC heap after
Heap after GC invocations=52 (full 6):
 PSYoungGen      total 935936K, used 51383K [0x000000076ab00000, 0x00000007a8c00000, 0x00000007c0000000)
  eden space 858112K, 0% used [0x000000076ab00000,0x000000076ab00000,0x000000079f100000)
  from space 77824K, 66% used [0x00000007a4000000,0x00000007a722deb0,0x00000007a8c00000)
  to   space 79360K, 0% used [0x000000079f100000,0x000000079f100000,0x00000007a3e80000)
 ParOldGen       total 334336K, used 229867K [0x00000006c0000000, 0x00000006d4680000, 0x000000076ab00000)
  object space 334336K, 68% used [0x00000006c0000000,0x00000006ce07ae00,0x00000006d4680000)
 Metaspace       used 105705K, capacity 111040K, committed 111384K, reserved 1146880K
  class space    used 13390K, capacity 14509K, committed 14640K, reserved 1048576K
}
Event: 251.515 GC heap before
{Heap before GC invocations=53 (full 6):
 PSYoungGen      total 935936K, used 909495K [0x000000076ab00000, 0x00000007a8c00000, 0x00000007c0000000)
  eden space 858112K, 100% used [0x000000076ab00000,0x000000079f100000,0x000000079f100000)
  from space 77824K, 66% used [0x00000007a4000000,0x00000007a722deb0,0x00000007a8c00000)
  to   space 79360K, 0% used [0x000000079f100000,0x000000079f100000,0x00000007a3e80000)
 ParOldGen       total 334336K, used 229867K [0x00000006c0000000, 0x00000006d4680000, 0x000000076ab00000)
  object space 334336K, 68% used [0x00000006c0000000,0x00000006ce07ae00,0x00000006d4680000)
 Metaspace       used 105717K, capacity 111040K, committed 111384K, reserved 1146880K
  class space    used 13390K, capacity 14509K, committed 14640K, reserved 1048576K
Event: 251.574 GC heap after
Heap after GC invocations=53 (full 6):
 PSYoungGen      total 937472K, used 55269K [0x000000076ab00000, 0x00000007ad380000, 0x00000007c0000000)
  eden space 858112K, 0% used [0x000000076ab00000,0x000000076ab00000,0x000000079f100000)
  from space 79360K, 69% used [0x000000079f100000,0x00000007a26f9760,0x00000007a3e80000)
  to   space 81408K, 0% used [0x00000007a8400000,0x00000007a8400000,0x00000007ad380000)
 ParOldGen       total 334336K, used 229875K [0x00000006c0000000, 0x00000006d4680000, 0x000000076ab00000)
  object space 334336K, 68% used [0x00000006c0000000,0x00000006ce07ce00,0x00000006d4680000)
 Metaspace       used 105717K, capacity 111040K, committed 111384K, reserved 1146880K
  class space    used 13390K, capacity 14509K, committed 14640K, reserved 1048576K
}

