# JRE version: OpenJDK Runtime Environment (8.0_242-b01) (build 1.8.0_242-release-1644-b01)
# Java VM: OpenJDK 64-Bit Server VM (25.242-b01 mixed mode windows-amd64 compressed oops)
Heap:
 PSYoungGen      total 1009152K, used 185839K [0x000000076ab00000, 0x00000007c0000000, 0x00000007c0000000)
  eden space 862720K, 21% used [0x000000076ab00000,0x000000077607be58,0x000000079f580000)
  from space 146432K, 0% used [0x00000007aad00000,0x00000007aad00000,0x00000007b3c00000)
  to   space 187904K, 0% used [0x000000079f580000,0x000000079f580000,0x00000007aad00000)
 ParOldGen       total 361472K, used 298709K [0x00000006c0000000, 0x00000006d6100000, 0x000000076ab00000)
  object space 361472K, 82% used [0x00000006c0000000,0x00000006d23b56c0,0x00000006d6100000)
 Metaspace       used 154034K, capacity 162700K, committed 162984K, reserved 1191936K
  class space    used 19604K, capacity 21312K, committed 21424K, reserved 1048576K
GC Heap History (10 events):
Event: 1545.228 GC heap before
{Heap before GC invocations=42 (full 7):
 PSYoungGen      total 944128K, used 874383K [0x000000076ab00000, 0x00000007af000000, 0x00000007c0000000)
  eden space 790016K, 100% used [0x000000076ab00000,0x000000079ae80000,0x000000079ae80000)
  from space 154112K, 54% used [0x00000007a4600000,0x00000007a9863fc0,0x00000007adc80000)
  to   space 155136K, 0% used [0x000000079ae80000,0x000000079ae80000,0x00000007a4600000)
 ParOldGen       total 309248K, used 140359K [0x00000006c0000000, 0x00000006d2e00000, 0x000000076ab00000)
  object space 309248K, 45% used [0x00000006c0000000,0x00000006c8911c70,0x00000006d2e00000)
 Metaspace       used 126939K, capacity 135094K, committed 135464K, reserved 1167360K
  class space    used 16019K, capacity 17571K, committed 17712K, reserved 1048576K
Event: 1546.338 GC heap after
Heap after GC invocations=42 (full 7):
 PSYoungGen      total 945152K, used 52473K [0x000000076ab00000, 0x00000007b3c00000, 0x00000007c0000000)
  eden space 790016K, 0% used [0x000000076ab00000,0x000000076ab00000,0x000000079ae80000)
  from space 155136K, 33% used [0x000000079ae80000,0x000000079e1be5f8,0x00000007a4600000)
  to   space 146432K, 0% used [0x00000007aad00000,0x00000007aad00000,0x00000007b3c00000)
 ParOldGen       total 309248K, used 159219K [0x00000006c0000000, 0x00000006d2e00000, 0x000000076ab00000)
  object space 309248K, 51% used [0x00000006c0000000,0x00000006c9b7ced0,0x00000006d2e00000)
 Metaspace       used 126939K, capacity 135094K, committed 135464K, reserved 1167360K
  class space    used 16019K, capacity 17571K, committed 17712K, reserved 1048576K
}
Event: 1576.255 GC heap before
{Heap before GC invocations=43 (full 7):
 PSYoungGen      total 945152K, used 842489K [0x000000076ab00000, 0x00000007b3c00000, 0x00000007c0000000)
  eden space 790016K, 100% used [0x000000076ab00000,0x000000079ae80000,0x000000079ae80000)
  from space 155136K, 33% used [0x000000079ae80000,0x000000079e1be5f8,0x00000007a4600000)
  to   space 146432K, 0% used [0x00000007aad00000,0x00000007aad00000,0x00000007b3c00000)
 ParOldGen       total 309248K, used 159219K [0x00000006c0000000, 0x00000006d2e00000, 0x000000076ab00000)
  object space 309248K, 51% used [0x00000006c0000000,0x00000006c9b7ced0,0x00000006d2e00000)
 Metaspace       used 127001K, capacity 135184K, committed 135464K, reserved 1167360K
  class space    used 16025K, capacity 17576K, committed 17712K, reserved 1048576K
Event: 1577.224 GC heap after
Heap after GC invocations=43 (full 7):
 PSYoungGen      total 1042432K, used 104212K [0x000000076ab00000, 0x00000007b4600000, 0x00000007c0000000)
  eden space 896000K, 0% used [0x000000076ab00000,0x000000076ab00000,0x00000007a1600000)
  from space 146432K, 71% used [0x00000007aad00000,0x00000007b12c5270,0x00000007b3c00000)
  to   space 154624K, 0% used [0x00000007a1600000,0x00000007a1600000,0x00000007aad00000)
 ParOldGen       total 309248K, used 176716K [0x00000006c0000000, 0x00000006d2e00000, 0x000000076ab00000)
  object space 309248K, 57% used [0x00000006c0000000,0x00000006cac93388,0x00000006d2e00000)
 Metaspace       used 127001K, capacity 135184K, committed 135464K, reserved 1167360K
  class space    used 16025K, capacity 17576K, committed 17712K, reserved 1048576K
}
Event: 1589.491 GC heap before
{Heap before GC invocations=44 (full 7):
 PSYoungGen      total 1042432K, used 1000212K [0x000000076ab00000, 0x00000007b4600000, 0x00000007c0000000)
  eden space 896000K, 100% used [0x000000076ab00000,0x00000007a1600000,0x00000007a1600000)
  from space 146432K, 71% used [0x00000007aad00000,0x00000007b12c5270,0x00000007b3c00000)
  to   space 154624K, 0% used [0x00000007a1600000,0x00000007a1600000,0x00000007aad00000)
 ParOldGen       total 309248K, used 176716K [0x00000006c0000000, 0x00000006d2e00000, 0x000000076ab00000)
  object space 309248K, 57% used [0x00000006c0000000,0x00000006cac93388,0x00000006d2e00000)
 Metaspace       used 127092K, capacity 135256K, committed 135720K, reserved 1167360K
  class space    used 16026K, capacity 17576K, committed 17712K, reserved 1048576K
Event: 1592.504 GC heap after
Heap after GC invocations=44 (full 7):
 PSYoungGen      total 1050624K, used 154598K [0x000000076ab00000, 0x00000007b4600000, 0x00000007c0000000)
  eden space 896000K, 0% used [0x000000076ab00000,0x000000076ab00000,0x00000007a1600000)
  from space 154624K, 99% used [0x00000007a1600000,0x00000007aacf99c0,0x00000007aad00000)
  to   space 146432K, 0% used [0x00000007aad00000,0x00000007aad00000,0x00000007b3c00000)
 ParOldGen       total 309248K, used 207069K [0x00000006c0000000, 0x00000006d2e00000, 0x000000076ab00000)
  object space 309248K, 66% used [0x00000006c0000000,0x00000006cca37508,0x00000006d2e00000)
 Metaspace       used 127092K, capacity 135256K, committed 135720K, reserved 1167360K
  class space    used 16026K, capacity 17576K, committed 17712K, reserved 1048576K
}
Event: 1602.304 GC heap before
{Heap before GC invocations=45 (full 7):
 PSYoungGen      total 1050624K, used 1050598K [0x000000076ab00000, 0x00000007b4600000, 0x00000007c0000000)
  eden space 896000K, 100% used [0x000000076ab00000,0x00000007a1600000,0x00000007a1600000)
  from space 154624K, 99% used [0x00000007a1600000,0x00000007aacf99c0,0x00000007aad00000)
  to   space 146432K, 0% used [0x00000007aad00000,0x00000007aad00000,0x00000007b3c00000)
 ParOldGen       total 309248K, used 207069K [0x00000006c0000000, 0x00000006d2e00000, 0x000000076ab00000)
  object space 309248K, 66% used [0x00000006c0000000,0x00000006cca37508,0x00000006d2e00000)
 Metaspace       used 141618K, capacity 150098K, committed 150312K, reserved 1179648K
  class space    used 17762K, capacity 19427K, committed 19504K, reserved 1048576K
Event: 1604.932 GC heap after
Heap after GC invocations=45 (full 7):
 PSYoungGen      total 1009152K, used 24340K [0x000000076ab00000, 0x00000007c0000000, 0x00000007c0000000)
  eden space 862720K, 0% used [0x000000076ab00000,0x000000076ab00000,0x000000079f580000)
  from space 146432K, 16% used [0x00000007aad00000,0x00000007ac4c5380,0x00000007b3c00000)
  to   space 187904K, 0% used [0x000000079f580000,0x000000079f580000,0x00000007aad00000)
 ParOldGen       total 361472K, used 361184K [0x00000006c0000000, 0x00000006d6100000, 0x000000076ab00000)
  object space 361472K, 99% used [0x00000006c0000000,0x00000006d60b8398,0x00000006d6100000)
 Metaspace       used 141618K, capacity 150098K, committed 150312K, reserved 1179648K
  class space    used 17762K, capacity 19427K, committed 19504K, reserved 1048576K
}
Event: 1604.933 GC heap before
{Heap before GC invocations=46 (full 8):
 PSYoungGen      total 1009152K, used 24340K [0x000000076ab00000, 0x00000007c0000000, 0x00000007c0000000)
  eden space 862720K, 0% used [0x000000076ab00000,0x000000076ab00000,0x000000079f580000)
  from space 146432K, 16% used [0x00000007aad00000,0x00000007ac4c5380,0x00000007b3c00000)
  to   space 187904K, 0% used [0x000000079f580000,0x000000079f580000,0x00000007aad00000)
 ParOldGen       total 361472K, used 361184K [0x00000006c0000000, 0x00000006d6100000, 0x000000076ab00000)
  object space 361472K, 99% used [0x00000006c0000000,0x00000006d60b8398,0x00000006d6100000)
 Metaspace       used 141618K, capacity 150098K, committed 150312K, reserved 1179648K
  class space    used 17762K, capacity 19427K, committed 19504K, reserved 1048576K
Event: 1610.827 GC heap after
Heap after GC invocations=46 (full 8):
 PSYoungGen      total 1009152K, used 0K [0x000000076ab00000, 0x00000007c0000000, 0x00000007c0000000)
  eden space 862720K, 0% used [0x000000076ab00000,0x000000076ab00000,0x000000079f580000)
  from space 146432K, 0% used [0x00000007aad00000,0x00000007aad00000,0x00000007b3c00000)
  to   space 187904K, 0% used [0x000000079f580000,0x000000079f580000,0x00000007aad00000)
 ParOldGen       total 361472K, used 298709K [0x00000006c0000000, 0x00000006d6100000, 0x000000076ab00000)
  object space 361472K, 82% used [0x00000006c0000000,0x00000006d23b56c0,0x00000006d6100000)
 Metaspace       used 141579K, capacity 150026K, committed 150312K, reserved 1179648K
  class space    used 17755K, capacity 19414K, committed 19504K, reserved 1048576K
}

