# JRE version: OpenJDK Runtime Environment (8.0_242-b01) (build 1.8.0_242-release-1644-b01)
# Java VM: OpenJDK 64-Bit Server VM (25.242-b01 mixed mode windows-amd64 compressed oops)
Heap:
 PSYoungGen      total 333824K, used 78447K [0x000000076ab00000, 0x0000000784480000, 0x00000007c0000000)
  eden space 291840K, 12% used [0x000000076ab00000,0x000000076cea08c0,0x000000077c800000)
  from space 41984K, 99% used [0x0000000781b80000,0x000000078447b5c0,0x0000000784480000)
  to   space 55808K, 0% used [0x000000077d780000,0x000000077d780000,0x0000000780e00000)
 ParOldGen       total 164352K, used 100256K [0x00000006c0000000, 0x00000006ca080000, 0x000000076ab00000)
  object space 164352K, 61% used [0x00000006c0000000,0x00000006c61e8268,0x00000006ca080000)
 Metaspace       used 100982K, capacity 106150K, committed 106392K, reserved 1140736K
  class space    used 13360K, capacity 14457K, committed 14512K, reserved 1048576K
GC Heap History (10 events):
Event: 53.158 GC heap before
{Heap before GC invocations=20 (full 4):
 PSYoungGen      total 296960K, used 10865K [0x000000076ab00000, 0x000000077f300000, 0x00000007c0000000)
  eden space 274432K, 0% used [0x000000076ab00000,0x000000076ab00000,0x000000077b700000)
  from space 22528K, 48% used [0x000000077dd00000,0x000000077e79c648,0x000000077f300000)
  to   space 30720K, 0% used [0x000000077b700000,0x000000077b700000,0x000000077d500000)
 ParOldGen       total 91648K, used 89677K [0x00000006c0000000, 0x00000006c5980000, 0x000000076ab00000)
  object space 91648K, 97% used [0x00000006c0000000,0x00000006c57936c8,0x00000006c5980000)
 Metaspace       used 77505K, capacity 81882K, committed 82072K, reserved 1120256K
  class space    used 10544K, capacity 11437K, committed 11440K, reserved 1048576K
Event: 53.584 GC heap after
Heap after GC invocations=20 (full 4):
 PSYoungGen      total 296960K, used 0K [0x000000076ab00000, 0x000000077f300000, 0x00000007c0000000)
  eden space 274432K, 0% used [0x000000076ab00000,0x000000076ab00000,0x000000077b700000)
  from space 22528K, 0% used [0x000000077dd00000,0x000000077dd00000,0x000000077f300000)
  to   space 30720K, 0% used [0x000000077b700000,0x000000077b700000,0x000000077d500000)
 ParOldGen       total 164352K, used 80592K [0x00000006c0000000, 0x00000006ca080000, 0x000000076ab00000)
  object space 164352K, 49% used [0x00000006c0000000,0x00000006c4eb42c0,0x00000006ca080000)
 Metaspace       used 76959K, capacity 80312K, committed 82072K, reserved 1120256K
  class space    used 10365K, capacity 11122K, committed 11440K, reserved 1048576K
}
Event: 56.565 GC heap before
{Heap before GC invocations=21 (full 4):
 PSYoungGen      total 296960K, used 274432K [0x000000076ab00000, 0x000000077f300000, 0x00000007c0000000)
  eden space 274432K, 100% used [0x000000076ab00000,0x000000077b700000,0x000000077b700000)
  from space 22528K, 0% used [0x000000077dd00000,0x000000077dd00000,0x000000077f300000)
  to   space 30720K, 0% used [0x000000077b700000,0x000000077b700000,0x000000077d500000)
 ParOldGen       total 164352K, used 80592K [0x00000006c0000000, 0x00000006ca080000, 0x000000076ab00000)
  object space 164352K, 49% used [0x00000006c0000000,0x00000006c4eb42c0,0x00000006ca080000)
 Metaspace       used 81919K, capacity 85482K, committed 87064K, reserved 1124352K
  class space    used 10975K, capacity 11777K, committed 12080K, reserved 1048576K
Event: 56.607 GC heap after
Heap after GC invocations=21 (full 4):
 PSYoungGen      total 305152K, used 26011K [0x000000076ab00000, 0x0000000781b00000, 0x00000007c0000000)
  eden space 274432K, 0% used [0x000000076ab00000,0x000000076ab00000,0x000000077b700000)
  from space 30720K, 84% used [0x000000077b700000,0x000000077d066ee8,0x000000077d500000)
  to   space 34304K, 0% used [0x000000077f980000,0x000000077f980000,0x0000000781b00000)
 ParOldGen       total 164352K, used 80600K [0x00000006c0000000, 0x00000006ca080000, 0x000000076ab00000)
  object space 164352K, 49% used [0x00000006c0000000,0x00000006c4eb62c0,0x00000006ca080000)
 Metaspace       used 81919K, capacity 85482K, committed 87064K, reserved 1124352K
  class space    used 10975K, capacity 11777K, committed 12080K, reserved 1048576K
}
Event: 62.801 GC heap before
{Heap before GC invocations=22 (full 4):
 PSYoungGen      total 305152K, used 300443K [0x000000076ab00000, 0x0000000781b00000, 0x00000007c0000000)
  eden space 274432K, 100% used [0x000000076ab00000,0x000000077b700000,0x000000077b700000)
  from space 30720K, 84% used [0x000000077b700000,0x000000077d066ee8,0x000000077d500000)
  to   space 34304K, 0% used [0x000000077f980000,0x000000077f980000,0x0000000781b00000)
 ParOldGen       total 164352K, used 80600K [0x00000006c0000000, 0x00000006ca080000, 0x000000076ab00000)
  object space 164352K, 49% used [0x00000006c0000000,0x00000006c4eb62c0,0x00000006ca080000)
 Metaspace       used 89545K, capacity 93496K, committed 94360K, reserved 1130496K
  class space    used 11984K, capacity 12872K, committed 12976K, reserved 1048576K
Event: 62.872 GC heap after
Heap after GC invocations=22 (full 4):
 PSYoungGen      total 338432K, used 30975K [0x000000076ab00000, 0x0000000782300000, 0x00000007c0000000)
  eden space 304128K, 0% used [0x000000076ab00000,0x000000076ab00000,0x000000077d400000)
  from space 34304K, 90% used [0x000000077f980000,0x00000007817bff58,0x0000000781b00000)
  to   space 38400K, 0% used [0x000000077d400000,0x000000077d400000,0x000000077f980000)
 ParOldGen       total 164352K, used 80608K [0x00000006c0000000, 0x00000006ca080000, 0x000000076ab00000)
  object space 164352K, 49% used [0x00000006c0000000,0x00000006c4eb82c0,0x00000006ca080000)
 Metaspace       used 89545K, capacity 93496K, committed 94360K, reserved 1130496K
  class space    used 11984K, capacity 12872K, committed 12976K, reserved 1048576K
}
Event: 1939.914 GC heap before
{Heap before GC invocations=23 (full 4):
 PSYoungGen      total 338432K, used 335103K [0x000000076ab00000, 0x0000000782300000, 0x00000007c0000000)
  eden space 304128K, 100% used [0x000000076ab00000,0x000000077d400000,0x000000077d400000)
  from space 34304K, 90% used [0x000000077f980000,0x00000007817bff58,0x0000000781b00000)
  to   space 38400K, 0% used [0x000000077d400000,0x000000077d400000,0x000000077f980000)
 ParOldGen       total 164352K, used 80608K [0x00000006c0000000, 0x00000006ca080000, 0x000000076ab00000)
  object space 164352K, 49% used [0x00000006c0000000,0x00000006c4eb82c0,0x00000006ca080000)
 Metaspace       used 99987K, capacity 104880K, committed 105240K, reserved 1140736K
  class space    used 13287K, capacity 14330K, committed 14384K, reserved 1048576K
Event: 1941.272 GC heap after
Heap after GC invocations=23 (full 4):
 PSYoungGen      total 342528K, used 31325K [0x000000076ab00000, 0x0000000784480000, 0x00000007c0000000)
  eden space 304128K, 0% used [0x000000076ab00000,0x000000076ab00000,0x000000077d400000)
  from space 38400K, 81% used [0x000000077d400000,0x000000077f2975a8,0x000000077f980000)
  to   space 41984K, 0% used [0x0000000781b80000,0x0000000781b80000,0x0000000784480000)
 ParOldGen       total 164352K, used 80624K [0x00000006c0000000, 0x00000006ca080000, 0x000000076ab00000)
  object space 164352K, 49% used [0x00000006c0000000,0x00000006c4ebc2c0,0x00000006ca080000)
 Metaspace       used 99987K, capacity 104880K, committed 105240K, reserved 1140736K
  class space    used 13287K, capacity 14330K, committed 14384K, reserved 1048576K
}
Event: 3361.296 GC heap before
{Heap before GC invocations=24 (full 4):
 PSYoungGen      total 342528K, used 334643K [0x000000076ab00000, 0x0000000784480000, 0x00000007c0000000)
  eden space 304128K, 99% used [0x000000076ab00000,0x000000077d3358b8,0x000000077d400000)
  from space 38400K, 81% used [0x000000077d400000,0x000000077f2975a8,0x000000077f980000)
  to   space 41984K, 0% used [0x0000000781b80000,0x0000000781b80000,0x0000000784480000)
 ParOldGen       total 164352K, used 80624K [0x00000006c0000000, 0x00000006ca080000, 0x000000076ab00000)
  object space 164352K, 49% used [0x00000006c0000000,0x00000006c4ebc2c0,0x00000006ca080000)
 Metaspace       used 100909K, capacity 106034K, committed 106136K, reserved 1140736K
  class space    used 13350K, capacity 14439K, committed 14512K, reserved 1048576K
Event: 3361.583 GC heap after
Heap after GC invocations=24 (full 4):
 PSYoungGen      total 333824K, used 41965K [0x000000076ab00000, 0x0000000784480000, 0x00000007c0000000)
  eden space 291840K, 0% used [0x000000076ab00000,0x000000076ab00000,0x000000077c800000)
  from space 41984K, 99% used [0x0000000781b80000,0x000000078447b5c0,0x0000000784480000)
  to   space 55808K, 0% used [0x000000077d780000,0x000000077d780000,0x0000000780e00000)
 ParOldGen       total 164352K, used 100256K [0x00000006c0000000, 0x00000006ca080000, 0x000000076ab00000)
  object space 164352K, 61% used [0x00000006c0000000,0x00000006c61e8268,0x00000006ca080000)
 Metaspace       used 100909K, capacity 106034K, committed 106136K, reserved 1140736K
  class space    used 13350K, capacity 14439K, committed 14512K, reserved 1048576K
}

