# JRE version: OpenJDK Runtime Environment (8.0_242-b01) (build 1.8.0_242-release-1644-b01)
# Java VM: OpenJDK 64-Bit Server VM (25.242-b01 mixed mode windows-amd64 compressed oops)
Heap:
 PSYoungGen      total 1284096K, used 282267K [0x000000076ab00000, 0x00000007bfc00000, 0x00000007c0000000)
  eden space 1179136K, 17% used [0x000000076ab00000,0x0000000777d9db08,0x00000007b2a80000)
  from space 104960K, 66% used [0x00000007b2a80000,0x00000007b6f04ae8,0x00000007b9100000)
  to   space 104960K, 0% used [0x00000007b9100000,0x00000007b9100000,0x00000007bf780000)
 ParOldGen       total 288256K, used 168288K [0x00000006c0000000, 0x00000006d1980000, 0x000000076ab00000)
  object space 288256K, 58% used [0x00000006c0000000,0x00000006ca458288,0x00000006d1980000)
 Metaspace       used 123686K, capacity 130182K, committed 132376K, reserved 1165312K
  class space    used 15315K, capacity 16676K, committed 17200K, reserved 1048576K
GC Heap History (10 events):
Event: 650.574 GC heap before
{Heap before GC invocations=54 (full 7):
 PSYoungGen      total 1272320K, used 1187707K [0x000000076ab00000, 0x00000007bf900000, 0x00000007c0000000)
  eden space 1153536K, 100% used [0x000000076ab00000,0x00000007b1180000,0x00000007b1180000)
  from space 118784K, 28% used [0x00000007b8500000,0x00000007ba65ee08,0x00000007bf900000)
  to   space 118272K, 0% used [0x00000007b1180000,0x00000007b1180000,0x00000007b8500000)
 ParOldGen       total 288256K, used 168280K [0x00000006c0000000, 0x00000006d1980000, 0x000000076ab00000)
  object space 288256K, 58% used [0x00000006c0000000,0x00000006ca456288,0x00000006d1980000)
 Metaspace       used 123590K, capacity 130118K, committed 132376K, reserved 1165312K
  class space    used 15315K, capacity 16676K, committed 17200K, reserved 1048576K
Event: 650.737 GC heap after
Heap after GC invocations=54 (full 7):
 PSYoungGen      total 1271808K, used 35002K [0x000000076ab00000, 0x00000007bf680000, 0x00000007c0000000)
  eden space 1153536K, 0% used [0x000000076ab00000,0x000000076ab00000,0x00000007b1180000)
  from space 118272K, 29% used [0x00000007b1180000,0x00000007b33ae8e0,0x00000007b8500000)
  to   space 113664K, 0% used [0x00000007b8780000,0x00000007b8780000,0x00000007bf680000)
 ParOldGen       total 288256K, used 168288K [0x00000006c0000000, 0x00000006d1980000, 0x000000076ab00000)
  object space 288256K, 58% used [0x00000006c0000000,0x00000006ca458288,0x00000006d1980000)
 Metaspace       used 123590K, capacity 130118K, committed 132376K, reserved 1165312K
  class space    used 15315K, capacity 16676K, committed 17200K, reserved 1048576K
}
Event: 652.751 GC heap before
{Heap before GC invocations=55 (full 7):
 PSYoungGen      total 1271808K, used 1188538K [0x000000076ab00000, 0x00000007bf680000, 0x00000007c0000000)
  eden space 1153536K, 100% used [0x000000076ab00000,0x00000007b1180000,0x00000007b1180000)
  from space 118272K, 29% used [0x00000007b1180000,0x00000007b33ae8e0,0x00000007b8500000)
  to   space 113664K, 0% used [0x00000007b8780000,0x00000007b8780000,0x00000007bf680000)
 ParOldGen       total 288256K, used 168288K [0x00000006c0000000, 0x00000006d1980000, 0x000000076ab00000)
  object space 288256K, 58% used [0x00000006c0000000,0x00000006ca458288,0x00000006d1980000)
 Metaspace       used 123646K, capacity 130182K, committed 132376K, reserved 1165312K
  class space    used 15315K, capacity 16676K, committed 17200K, reserved 1048576K
Event: 652.824 GC heap after
Heap after GC invocations=55 (full 7):
 PSYoungGen      total 1274880K, used 38145K [0x000000076ab00000, 0x00000007bf280000, 0x00000007c0000000)
  eden space 1165312K, 0% used [0x000000076ab00000,0x000000076ab00000,0x00000007b1d00000)
  from space 109568K, 34% used [0x00000007b8780000,0x00000007bacc0448,0x00000007bf280000)
  to   space 109056K, 0% used [0x00000007b1d00000,0x00000007b1d00000,0x00000007b8780000)
 ParOldGen       total 288256K, used 168288K [0x00000006c0000000, 0x00000006d1980000, 0x000000076ab00000)
  object space 288256K, 58% used [0x00000006c0000000,0x00000006ca458288,0x00000006d1980000)
 Metaspace       used 123646K, capacity 130182K, committed 132376K, reserved 1165312K
  class space    used 15315K, capacity 16676K, committed 17200K, reserved 1048576K
}
Event: 654.713 GC heap before
{Heap before GC invocations=56 (full 7):
 PSYoungGen      total 1274880K, used 1203457K [0x000000076ab00000, 0x00000007bf280000, 0x00000007c0000000)
  eden space 1165312K, 100% used [0x000000076ab00000,0x00000007b1d00000,0x00000007b1d00000)
  from space 109568K, 34% used [0x00000007b8780000,0x00000007bacc0448,0x00000007bf280000)
  to   space 109056K, 0% used [0x00000007b1d00000,0x00000007b1d00000,0x00000007b8780000)
 ParOldGen       total 288256K, used 168288K [0x00000006c0000000, 0x00000006d1980000, 0x000000076ab00000)
  object space 288256K, 58% used [0x00000006c0000000,0x00000006ca458288,0x00000006d1980000)
 Metaspace       used 123663K, capacity 130182K, committed 132376K, reserved 1165312K
  class space    used 15315K, capacity 16676K, committed 17200K, reserved 1048576K
Event: 654.805 GC heap after
Heap after GC invocations=56 (full 7):
 PSYoungGen      total 1274368K, used 32507K [0x000000076ab00000, 0x00000007bf780000, 0x00000007c0000000)
  eden space 1165312K, 0% used [0x000000076ab00000,0x000000076ab00000,0x00000007b1d00000)
  from space 109056K, 29% used [0x00000007b1d00000,0x00000007b3cbec00,0x00000007b8780000)
  to   space 104960K, 0% used [0x00000007b9100000,0x00000007b9100000,0x00000007bf780000)
 ParOldGen       total 288256K, used 168288K [0x00000006c0000000, 0x00000006d1980000, 0x000000076ab00000)
  object space 288256K, 58% used [0x00000006c0000000,0x00000006ca458288,0x00000006d1980000)
 Metaspace       used 123663K, capacity 130182K, committed 132376K, reserved 1165312K
  class space    used 15315K, capacity 16676K, committed 17200K, reserved 1048576K
}
Event: 657.018 GC heap before
{Heap before GC invocations=57 (full 7):
 PSYoungGen      total 1274368K, used 1197819K [0x000000076ab00000, 0x00000007bf780000, 0x00000007c0000000)
  eden space 1165312K, 100% used [0x000000076ab00000,0x00000007b1d00000,0x00000007b1d00000)
  from space 109056K, 29% used [0x00000007b1d00000,0x00000007b3cbec00,0x00000007b8780000)
  to   space 104960K, 0% used [0x00000007b9100000,0x00000007b9100000,0x00000007bf780000)
 ParOldGen       total 288256K, used 168288K [0x00000006c0000000, 0x00000006d1980000, 0x000000076ab00000)
  object space 288256K, 58% used [0x00000006c0000000,0x00000006ca458288,0x00000006d1980000)
 Metaspace       used 123675K, capacity 130182K, committed 132376K, reserved 1165312K
  class space    used 15315K, capacity 16676K, committed 17200K, reserved 1048576K
Event: 657.171 GC heap after
Heap after GC invocations=57 (full 7):
 PSYoungGen      total 1284096K, used 60396K [0x000000076ab00000, 0x00000007bfc00000, 0x00000007c0000000)
  eden space 1179136K, 0% used [0x000000076ab00000,0x000000076ab00000,0x00000007b2a80000)
  from space 104960K, 57% used [0x00000007b9100000,0x00000007bcbfb390,0x00000007bf780000)
  to   space 104960K, 0% used [0x00000007b2a80000,0x00000007b2a80000,0x00000007b9100000)
 ParOldGen       total 288256K, used 168288K [0x00000006c0000000, 0x00000006d1980000, 0x000000076ab00000)
  object space 288256K, 58% used [0x00000006c0000000,0x00000006ca458288,0x00000006d1980000)
 Metaspace       used 123675K, capacity 130182K, committed 132376K, reserved 1165312K
  class space    used 15315K, capacity 16676K, committed 17200K, reserved 1048576K
}
Event: 659.574 GC heap before
{Heap before GC invocations=58 (full 7):
 PSYoungGen      total 1284096K, used 1239532K [0x000000076ab00000, 0x00000007bfc00000, 0x00000007c0000000)
  eden space 1179136K, 100% used [0x000000076ab00000,0x00000007b2a80000,0x00000007b2a80000)
  from space 104960K, 57% used [0x00000007b9100000,0x00000007bcbfb390,0x00000007bf780000)
  to   space 104960K, 0% used [0x00000007b2a80000,0x00000007b2a80000,0x00000007b9100000)
 ParOldGen       total 288256K, used 168288K [0x00000006c0000000, 0x00000006d1980000, 0x000000076ab00000)
  object space 288256K, 58% used [0x00000006c0000000,0x00000006ca458288,0x00000006d1980000)
 Metaspace       used 123685K, capacity 130182K, committed 132376K, reserved 1165312K
  class space    used 15315K, capacity 16676K, committed 17200K, reserved 1048576K
Event: 659.794 GC heap after
Heap after GC invocations=58 (full 7):
 PSYoungGen      total 1284096K, used 70162K [0x000000076ab00000, 0x00000007bfc00000, 0x00000007c0000000)
  eden space 1179136K, 0% used [0x000000076ab00000,0x000000076ab00000,0x00000007b2a80000)
  from space 104960K, 66% used [0x00000007b2a80000,0x00000007b6f04ae8,0x00000007b9100000)
  to   space 104960K, 0% used [0x00000007b9100000,0x00000007b9100000,0x00000007bf780000)
 ParOldGen       total 288256K, used 168288K [0x00000006c0000000, 0x00000006d1980000, 0x000000076ab00000)
  object space 288256K, 58% used [0x00000006c0000000,0x00000006ca458288,0x00000006d1980000)
 Metaspace       used 123685K, capacity 130182K, committed 132376K, reserved 1165312K
  class space    used 15315K, capacity 16676K, committed 17200K, reserved 1048576K
}

