# JRE version: OpenJDK Runtime Environment (8.0_242-b01) (build 1.8.0_242-release-1644-b01)
# Java VM: OpenJDK 64-Bit Server VM (25.242-b01 mixed mode windows-amd64 compressed oops)
Heap:
 PSYoungGen      total 1057280K, used 789880K [0x000000076ab00000, 0x00000007c0000000, 0x00000007c0000000)
  eden space 1056768K, 74% used [0x000000076ab00000,0x000000079ae2e118,0x00000007ab300000)
  from space 512K, 37% used [0x00000007ab300000,0x00000007ab330000,0x00000007ab380000)
  to   space 172544K, 0% used [0x00000007b5780000,0x00000007b5780000,0x00000007c0000000)
 ParOldGen       total 522752K, used 353911K [0x00000006c0000000, 0x00000006dfe80000, 0x000000076ab00000)
  object space 522752K, 67% used [0x00000006c0000000,0x00000006d599df30,0x00000006dfe80000)
 Metaspace       used 134697K, capacity 141019K, committed 141272K, reserved 1171456K
  class space    used 17065K, capacity 18422K, committed 18432K, reserved 1048576K
GC Heap History (10 events):
Event: 286.485 GC heap before
{Heap before GC invocations=51 (full 8):
 PSYoungGen      total 1274880K, used 1208250K [0x000000076ab00000, 0x00000007bf700000, 0x00000007c0000000)
  eden space 1169408K, 100% used [0x000000076ab00000,0x00000007b2100000,0x00000007b2100000)
  from space 105472K, 36% used [0x00000007b9000000,0x00000007bb5eeb58,0x00000007bf700000)
  to   space 109568K, 0% used [0x00000007b2100000,0x00000007b2100000,0x00000007b8c00000)
 ParOldGen       total 330240K, used 250004K [0x00000006c0000000, 0x00000006d4280000, 0x000000076ab00000)
  object space 330240K, 75% used [0x00000006c0000000,0x00000006cf425138,0x00000006d4280000)
 Metaspace       used 104885K, capacity 110345K, committed 110424K, reserved 1144832K
  class space    used 13230K, capacity 14392K, committed 14464K, reserved 1048576K
Event: 286.980 GC heap after
Heap after GC invocations=51 (full 8):
 PSYoungGen      total 1278976K, used 41187K [0x000000076ab00000, 0x00000007bfe00000, 0x00000007c0000000)
  eden space 1169408K, 0% used [0x000000076ab00000,0x000000076ab00000,0x00000007b2100000)
  from space 109568K, 37% used [0x00000007b2100000,0x00000007b4938dc0,0x00000007b8c00000)
  to   space 106496K, 0% used [0x00000007b9600000,0x00000007b9600000,0x00000007bfe00000)
 ParOldGen       total 330240K, used 250012K [0x00000006c0000000, 0x00000006d4280000, 0x000000076ab00000)
  object space 330240K, 75% used [0x00000006c0000000,0x00000006cf427138,0x00000006d4280000)
 Metaspace       used 104885K, capacity 110345K, committed 110424K, reserved 1144832K
  class space    used 13230K, capacity 14392K, committed 14464K, reserved 1048576K
}
Event: 291.378 GC heap before
{Heap before GC invocations=52 (full 8):
 PSYoungGen      total 1278976K, used 1210595K [0x000000076ab00000, 0x00000007bfe00000, 0x00000007c0000000)
  eden space 1169408K, 100% used [0x000000076ab00000,0x00000007b2100000,0x00000007b2100000)
  from space 109568K, 37% used [0x00000007b2100000,0x00000007b4938dc0,0x00000007b8c00000)
  to   space 106496K, 0% used [0x00000007b9600000,0x00000007b9600000,0x00000007bfe00000)
 ParOldGen       total 330240K, used 250012K [0x00000006c0000000, 0x00000006d4280000, 0x000000076ab00000)
  object space 330240K, 75% used [0x00000006c0000000,0x00000006cf427138,0x00000006d4280000)
 Metaspace       used 105247K, capacity 110789K, committed 110936K, reserved 1146880K
  class space    used 13259K, capacity 14416K, committed 14464K, reserved 1048576K
Event: 292.231 GC heap after
Heap after GC invocations=52 (full 8):
 PSYoungGen      total 1163264K, used 106474K [0x000000076ab00000, 0x00000007c0000000, 0x00000007c0000000)
  eden space 1056768K, 0% used [0x000000076ab00000,0x000000076ab00000,0x00000007ab300000)
  from space 106496K, 99% used [0x00000007b9600000,0x00000007bfdfa9a0,0x00000007bfe00000)
  to   space 170496K, 0% used [0x00000007ab300000,0x00000007ab300000,0x00000007b5980000)
 ParOldGen       total 384000K, used 383802K [0x00000006c0000000, 0x00000006d7700000, 0x000000076ab00000)
  object space 384000K, 99% used [0x00000006c0000000,0x00000006d76cea68,0x00000006d7700000)
 Metaspace       used 105247K, capacity 110789K, committed 110936K, reserved 1146880K
  class space    used 13259K, capacity 14416K, committed 14464K, reserved 1048576K
}
Event: 292.232 GC heap before
{Heap before GC invocations=53 (full 9):
 PSYoungGen      total 1163264K, used 106474K [0x000000076ab00000, 0x00000007c0000000, 0x00000007c0000000)
  eden space 1056768K, 0% used [0x000000076ab00000,0x000000076ab00000,0x00000007ab300000)
  from space 106496K, 99% used [0x00000007b9600000,0x00000007bfdfa9a0,0x00000007bfe00000)
  to   space 170496K, 0% used [0x00000007ab300000,0x00000007ab300000,0x00000007b5980000)
 ParOldGen       total 384000K, used 383802K [0x00000006c0000000, 0x00000006d7700000, 0x000000076ab00000)
  object space 384000K, 99% used [0x00000006c0000000,0x00000006d76cea68,0x00000006d7700000)
 Metaspace       used 105247K, capacity 110789K, committed 110936K, reserved 1146880K
  class space    used 13259K, capacity 14416K, committed 14464K, reserved 1048576K
Event: 296.594 GC heap after
Heap after GC invocations=53 (full 9):
 PSYoungGen      total 1163264K, used 0K [0x000000076ab00000, 0x00000007c0000000, 0x00000007c0000000)
  eden space 1056768K, 0% used [0x000000076ab00000,0x000000076ab00000,0x00000007ab300000)
  from space 106496K, 0% used [0x00000007b9600000,0x00000007b9600000,0x00000007bfe00000)
  to   space 170496K, 0% used [0x00000007ab300000,0x00000007ab300000,0x00000007b5980000)
 ParOldGen       total 384000K, used 366972K [0x00000006c0000000, 0x00000006d7700000, 0x000000076ab00000)
  object space 384000K, 95% used [0x00000006c0000000,0x00000006d665f250,0x00000006d7700000)
 Metaspace       used 105218K, capacity 110713K, committed 110936K, reserved 1146880K
  class space    used 13250K, capacity 14400K, committed 14464K, reserved 1048576K
}
Event: 309.486 GC heap before
{Heap before GC invocations=54 (full 10):
 PSYoungGen      total 1163264K, used 1056768K [0x000000076ab00000, 0x00000007c0000000, 0x00000007c0000000)
  eden space 1056768K, 100% used [0x000000076ab00000,0x00000007ab300000,0x00000007ab300000)
  from space 106496K, 0% used [0x00000007b9600000,0x00000007b9600000,0x00000007bfe00000)
  to   space 170496K, 0% used [0x00000007ab300000,0x00000007ab300000,0x00000007b5980000)
 ParOldGen       total 384000K, used 366972K [0x00000006c0000000, 0x00000006d7700000, 0x000000076ab00000)
  object space 384000K, 95% used [0x00000006c0000000,0x00000006d665f250,0x00000006d7700000)
 Metaspace       used 106170K, capacity 111973K, committed 112088K, reserved 1146880K
  class space    used 13367K, capacity 14574K, committed 14592K, reserved 1048576K
Event: 314.103 GC heap after
Heap after GC invocations=54 (full 10):
 PSYoungGen      total 1163264K, used 0K [0x000000076ab00000, 0x00000007c0000000, 0x00000007c0000000)
  eden space 1056768K, 0% used [0x000000076ab00000,0x000000076ab00000,0x00000007ab300000)
  from space 106496K, 0% used [0x00000007b9600000,0x00000007b9600000,0x00000007bfe00000)
  to   space 170496K, 0% used [0x00000007ab300000,0x00000007ab300000,0x00000007b5980000)
 ParOldGen       total 522752K, used 353911K [0x00000006c0000000, 0x00000006dfe80000, 0x000000076ab00000)
  object space 522752K, 67% used [0x00000006c0000000,0x00000006d599df30,0x00000006dfe80000)
 Metaspace       used 106149K, capacity 111913K, committed 112088K, reserved 1146880K
  class space    used 13360K, capacity 14562K, committed 14592K, reserved 1048576K
}
Event: 319.463 GC heap before
{Heap before GC invocations=55 (full 10):
 PSYoungGen      total 1163264K, used 1056768K [0x000000076ab00000, 0x00000007c0000000, 0x00000007c0000000)
  eden space 1056768K, 100% used [0x000000076ab00000,0x00000007ab300000,0x00000007ab300000)
  from space 106496K, 0% used [0x00000007b9600000,0x00000007b9600000,0x00000007bfe00000)
  to   space 170496K, 0% used [0x00000007ab300000,0x00000007ab300000,0x00000007b5980000)
 ParOldGen       total 522752K, used 353911K [0x00000006c0000000, 0x00000006dfe80000, 0x000000076ab00000)
  object space 522752K, 67% used [0x00000006c0000000,0x00000006d599df30,0x00000006dfe80000)
 Metaspace       used 106149K, capacity 111913K, committed 112088K, reserved 1146880K
  class space    used 13360K, capacity 14562K, committed 14592K, reserved 1048576K
Event: 319.491 GC heap after
Heap after GC invocations=55 (full 10):
 PSYoungGen      total 1057280K, used 192K [0x000000076ab00000, 0x00000007c0000000, 0x00000007c0000000)
  eden space 1056768K, 0% used [0x000000076ab00000,0x000000076ab00000,0x00000007ab300000)
  from space 512K, 37% used [0x00000007ab300000,0x00000007ab330000,0x00000007ab380000)
  to   space 172544K, 0% used [0x00000007b5780000,0x00000007b5780000,0x00000007c0000000)
 ParOldGen       total 522752K, used 353911K [0x00000006c0000000, 0x00000006dfe80000, 0x000000076ab00000)
  object space 522752K, 67% used [0x00000006c0000000,0x00000006d599df30,0x00000006dfe80000)
 Metaspace       used 106149K, capacity 111913K, committed 112088K, reserved 1146880K
  class space    used 13360K, capacity 14562K, committed 14592K, reserved 1048576K
}

